Unity Editor version:    2020.3.21f1 (a38c86f6690f)
Branch:                  2020.3/staging
Build type:              Release
Batch mode:              YES
macOS version:           Version 12.5 (Build 21G72)
Darwin version:          21.6.0
Architecture:            x86_64
Running under Rosetta:   NO
Available memory:        20480 MB
Using pre-set license
Pro License: NO

COMMAND LINE ARGUMENTS:
/Applications/Unity/Hub/Editor/2020.3.21f1/Unity.app/Contents/MacOS/Unity
-adb2
-batchMode
-noUpm
-name
AssetImportWorker0
-projectPath
/Users/ible.mis38/Documents/haowenjhang/UnityProjects/GoogleSignIn/GoogleSignIn
-logFile
Logs/AssetImportWorker0.log
-srvPort
49834
Successfully changed project path to: /Users/ible.mis38/Documents/haowenjhang/UnityProjects/GoogleSignIn/GoogleSignIn
/Users/ible.mis38/Documents/haowenjhang/UnityProjects/GoogleSignIn/GoogleSignIn
Using Asset Import Pipeline V2.
Refreshing native plugins compatible for Editor in 39.12 ms, found 2 plugins.
Preloading 0 native plugins for Editor in 0.00 ms.
Initialize engine version: 2020.3.21f1 (a38c86f6690f)
[Subsystems] Discovering subsystems at path /Applications/Unity/Hub/Editor/2020.3.21f1/Unity.app/Contents/Resources/UnitySubsystems
[Subsystems] Discovering subsystems at path /Users/ible.mis38/Documents/haowenjhang/UnityProjects/GoogleSignIn/GoogleSignIn/Assets
GfxDevice: creating device client; threaded=0
2022-09-28 09:45:10.435 Unity[46550:2782078] 24B1W preferred device: Intel(R) UHD Graphics 630 (low power)
2022-09-28 09:45:10.435 Unity[46550:2782078] Metal devices available: 1
2022-09-28 09:45:10.435 Unity[46550:2782078] 0: Intel(R) UHD Graphics 630 (low power)
2022-09-28 09:45:10.436 Unity[46550:2782078] Using device Intel(R) UHD Graphics 630 (low power)
Initializing Metal device caps: Intel(R) UHD Graphics 630
Initialize mono
Mono path[0] = '/Applications/Unity/Hub/Editor/2020.3.21f1/Unity.app/Contents/Managed'
Mono path[1] = '/Applications/Unity/Hub/Editor/2020.3.21f1/Unity.app/Contents/MonoBleedingEdge/lib/mono/unityjit'
Mono config path = '/Applications/Unity/Hub/Editor/2020.3.21f1/Unity.app/Contents/MonoBleedingEdge/etc'
Using monoOptions --debugger-agent=transport=dt_socket,embedding=1,server=y,suspend=n,address=127.0.0.1:56550
Begin MonoManager ReloadAssembly
Registering precompiled unity dll's ...
Register platform support module: /Applications/Unity/Hub/Editor/2020.3.21f1/Unity.app/Contents/PlaybackEngines/MacStandaloneSupport/UnityEditor.OSXStandalone.Extensions.dll
Registered in 0.002553 seconds.
Native extension for OSXStandalone target not found
Refreshing native plugins compatible for Editor in 29.80 ms, found 2 plugins.
Preloading 0 native plugins for Editor in 0.00 ms.
Mono: successfully reloaded assembly
- Completed reload, in  9.878 seconds
Domain Reload Profiling:
	ReloadAssembly (9878ms)
		BeginReloadAssembly (50ms)
			ExecutionOrderSort (0ms)
			DisableScriptedObjects (0ms)
			BackupInstance (0ms)
			ReleaseScriptingObjects (0ms)
			CreateAndSetChildDomain (1ms)
		EndReloadAssembly (551ms)
			LoadAssemblies (52ms)
			RebuildTransferFunctionScriptingTraits (0ms)
			SetupTypeCache (191ms)
			ReleaseScriptCaches (0ms)
			RebuildScriptCaches (47ms)
			SetupLoadedEditorAssemblies (218ms)
				LogAssemblyErrors (0ms)
				InitializePlatformSupportModulesInManaged (4ms)
				SetLoadedEditorAssemblies (0ms)
				RefreshPlugins (30ms)
				BeforeProcessingInitializeOnLoad (33ms)
				ProcessInitializeOnLoadAttributes (115ms)
				ProcessInitializeOnLoadMethodAttributes (35ms)
				AfterProcessingInitializeOnLoad (0ms)
				EditorAssembliesLoaded (0ms)
			ExecutionOrderSort2 (0ms)
			AwakeInstancesAfterBackupRestoration (0ms)
Platform modules already initialized, skipping
Registering precompiled user dll's ...
Registered in 0.006174 seconds.
Begin MonoManager ReloadAssembly
Native extension for OSXStandalone target not found
Refreshing native plugins compatible for Editor in 0.33 ms, found 2 plugins.
Preloading 0 native plugins for Editor in 0.00 ms.
Mono: successfully reloaded assembly
- Completed reload, in  1.232 seconds
Domain Reload Profiling:
	ReloadAssembly (1233ms)
		BeginReloadAssembly (161ms)
			ExecutionOrderSort (0ms)
			DisableScriptedObjects (6ms)
			BackupInstance (0ms)
			ReleaseScriptingObjects (0ms)
			CreateAndSetChildDomain (28ms)
		EndReloadAssembly (1005ms)
			LoadAssemblies (97ms)
			RebuildTransferFunctionScriptingTraits (0ms)
			SetupTypeCache (348ms)
			ReleaseScriptCaches (0ms)
			RebuildScriptCaches (67ms)
			SetupLoadedEditorAssemblies (363ms)
				LogAssemblyErrors (0ms)
				InitializePlatformSupportModulesInManaged (6ms)
				SetLoadedEditorAssemblies (1ms)
				RefreshPlugins (0ms)
				BeforeProcessingInitializeOnLoad (81ms)
				ProcessInitializeOnLoadAttributes (262ms)
				ProcessInitializeOnLoadMethodAttributes (12ms)
				AfterProcessingInitializeOnLoad (1ms)
				EditorAssembliesLoaded (0ms)
			ExecutionOrderSort2 (0ms)
			AwakeInstancesAfterBackupRestoration (8ms)
Platform modules already initialized, skipping
Validating Project structure ... 0.001088 seconds.
Shader import version has changed; will reimport all shaders...
Upgrading shader files ...0.001637 seconds.
Application.AssetDatabase Initial Script Refresh Start
RefreshInfo: InitialScriptRefreshV2(NoUpdateAssetOptions) scanfilter:  ... 1 filters
RefreshProfiler: Total: 0.000ms
Application.AssetDatabase Initial Script Refresh End
Application.AssetDatabase.Refresh Start
Application.AssetDatabase.Refresh End
RefreshInfo: StopAssetImportingV2(ForceSynchronousImport) scanfilter: 
RefreshProfiler: Total: 0.000ms
Launching external process: /Applications/Unity/Hub/Editor/2020.3.21f1/Unity.app/Contents/Tools/UnityShaderCompiler
Launched and connected shader compiler UnityShaderCompiler after 0.02 seconds
Initializing Unity extensions:
2022-09-28 09:45:22.729 Unity[46550:2782078] NSEventModifierFlagFunction specified to -setKeyEquivalentModifierMask: for item <NSMenuItem: 0x6000045abe20 Font Asset, ke='Command-F12'>, but is only supported for system-provided menu items; will not be used
2022-09-28 09:45:22.732 Unity[46550:2782078] NSEventModifierFlagFunction specified to -setKeyEquivalentModifierMask: for item <NSMenuItem: 0x6000045bb950 Font Asset, ke='Command-F12'>, but is only supported for system-provided menu items; will not be used
========================================================================
Worker process is ready to serve import requests
Refreshing native plugins compatible for Editor in 0.33 ms, found 2 plugins.
Preloading 0 native plugins for Editor in 0.00 ms.
Unloading 1492 Unused Serialized files (Serialized files now loaded: 0)
System memory in use before: 184.6 MB.
System memory in use after: 183.7 MB.

Unloading 82 unused Assets to reduce memory usage. Loaded Objects now: 1962.
Total: 3.688481 ms (FindLiveObjects: 0.172260 ms CreateObjectMapping: 0.054719 ms MarkObjects: 2.919132 ms  DeleteObjects: 0.541386 ms)

AssetImportParameters requested are different than current active one (requested -> active):
  custom:video-decoder-ogg-theora: a1e56fd34408186e4bbccfd4996cb3dc -> 
  custom:container-muxer-webm: aa71ff27fc2769a1b78a27578f13a17b -> 
  custom:container-demuxer-webm: 4f35f7cbe854078d1ac9338744f61a02 -> 
  custom:container-demuxer-ogg: 62fdf1f143b41e24485cea50d1cbac27 -> 
  custom:video-encoder-webm-vp8: eb34c28f22e8b96e1ab97ce403110664 -> 
  custom:framework-osx-AVFoundation: e770b220cccbd017edd2c1fefb359320 -> 
  custom:video-decoder-webm-vp8: 9c59270c3fd7afecdb556c50c9e8de78 -> 
  custom:audio-decoder-ogg-vorbis: bf7c407c2cedff20999df2af8eb42d56 -> 
  custom:audio-encoder-webm-vorbis: bf7c407c2cedff20999df2af8eb42d56 -> 
========================================================================
Received Import Request.
  path: Assets/Plugins/Android/AndroidManifest.xml
  artifactKey: Guid(d9e8005acad0a449e8e3e60dcb9604fb) Importer(815301076,1909f56bfc062723c751e8b465ee728b)
Start importing Assets/Plugins/Android/AndroidManifest.xml using Guid(d9e8005acad0a449e8e3e60dcb9604fb) Importer(815301076,1909f56bfc062723c751e8b465ee728b)  -> (artifact id: '60097f133d7969587e555524584fa206') in 0.173440 seconds 
  Import took 0.175715 seconds .

========================================================================
Received Prepare
Refreshing native plugins compatible for Editor in 2.05 ms, found 2 plugins.
Preloading 0 native plugins for Editor in 0.00 ms.
Unloading 13 Unused Serialized files (Serialized files now loaded: 0)
System memory in use before: 157.7 MB.
System memory in use after: 157.8 MB.

Unloading 13 unused Assets to reduce memory usage. Loaded Objects now: 1962.
Total: 3.247601 ms (FindLiveObjects: 0.149079 ms CreateObjectMapping: 0.045017 ms MarkObjects: 3.034819 ms  DeleteObjects: 0.018029 ms)

AssetImportParameters requested are different than current active one (requested -> active):
  custom:video-decoder-ogg-theora: a1e56fd34408186e4bbccfd4996cb3dc -> 
  custom:container-muxer-webm: aa71ff27fc2769a1b78a27578f13a17b -> 
  custom:container-demuxer-webm: 4f35f7cbe854078d1ac9338744f61a02 -> 
  custom:container-demuxer-ogg: 62fdf1f143b41e24485cea50d1cbac27 -> 
  custom:video-encoder-webm-vp8: eb34c28f22e8b96e1ab97ce403110664 -> 
  custom:framework-osx-AVFoundation: e770b220cccbd017edd2c1fefb359320 -> 
  custom:video-decoder-webm-vp8: 9c59270c3fd7afecdb556c50c9e8de78 -> 
  custom:audio-decoder-ogg-vorbis: bf7c407c2cedff20999df2af8eb42d56 -> 
  custom:audio-encoder-webm-vorbis: bf7c407c2cedff20999df2af8eb42d56 -> 
========================================================================
Received Import Request.
  Time since last request: 554.518466 seconds.
  path: Assets/Plugins/Android/GoogleSignIn_lib-debug.aar
  artifactKey: Guid(26e098be2a0544057a28f31c2e1d1848) Importer(815301076,1909f56bfc062723c751e8b465ee728b)
Start importing Assets/Plugins/Android/GoogleSignIn_lib-debug.aar using Guid(26e098be2a0544057a28f31c2e1d1848) Importer(815301076,1909f56bfc062723c751e8b465ee728b)  -> (artifact id: 'ac27e3313d54c9ea38351ad9f26519d5') in 0.171692 seconds 
  Import took 0.174114 seconds .

========================================================================
Received Import Request.
  Time since last request: 6.262137 seconds.
  path: Assets/Plugins/Android/GoogleSignIn_lib-debug.aar
  artifactKey: Guid(26e098be2a0544057a28f31c2e1d1848) Importer(815301076,1909f56bfc062723c751e8b465ee728b)
Start importing Assets/Plugins/Android/GoogleSignIn_lib-debug.aar using Guid(26e098be2a0544057a28f31c2e1d1848) Importer(815301076,1909f56bfc062723c751e8b465ee728b)  -> (artifact id: '0978d298d299d22acf0abc82f9fea20c') in 0.002858 seconds 
  Import took 0.005433 seconds .

========================================================================
Received Prepare
Refreshing native plugins compatible for Editor in 5.21 ms, found 2 plugins.
Preloading 0 native plugins for Editor in 0.00 ms.
Unloading 13 Unused Serialized files (Serialized files now loaded: 0)
System memory in use before: 161.8 MB.
System memory in use after: 161.9 MB.

Unloading 13 unused Assets to reduce memory usage. Loaded Objects now: 1962.
Total: 3.314383 ms (FindLiveObjects: 0.151822 ms CreateObjectMapping: 0.047774 ms MarkObjects: 3.097167 ms  DeleteObjects: 0.016861 ms)

AssetImportParameters requested are different than current active one (requested -> active):
  custom:video-decoder-ogg-theora: a1e56fd34408186e4bbccfd4996cb3dc -> 
  custom:container-muxer-webm: aa71ff27fc2769a1b78a27578f13a17b -> 
  custom:container-demuxer-webm: 4f35f7cbe854078d1ac9338744f61a02 -> 
  custom:container-demuxer-ogg: 62fdf1f143b41e24485cea50d1cbac27 -> 
  custom:video-encoder-webm-vp8: eb34c28f22e8b96e1ab97ce403110664 -> 
  custom:framework-osx-AVFoundation: e770b220cccbd017edd2c1fefb359320 -> 
  custom:video-decoder-webm-vp8: 9c59270c3fd7afecdb556c50c9e8de78 -> 
  custom:audio-decoder-ogg-vorbis: bf7c407c2cedff20999df2af8eb42d56 -> 
  custom:audio-encoder-webm-vorbis: bf7c407c2cedff20999df2af8eb42d56 -> 
========================================================================
Received Import Request.
  Time since last request: 87.084038 seconds.
  path: Assets/Plugins/Android/GoogleSignIn_lib-debug.aar
  artifactKey: Guid(26e098be2a0544057a28f31c2e1d1848) Importer(815301076,1909f56bfc062723c751e8b465ee728b)
Start importing Assets/Plugins/Android/GoogleSignIn_lib-debug.aar using Guid(26e098be2a0544057a28f31c2e1d1848) Importer(815301076,1909f56bfc062723c751e8b465ee728b)  -> (artifact id: '33cffe91b6d4b6511098ec4e9b83e13e') in 0.002808 seconds 
  Import took 0.007119 seconds .

========================================================================
Received Prepare
Refreshing native plugins compatible for Editor in 6.73 ms, found 2 plugins.
Preloading 0 native plugins for Editor in 0.00 ms.
Unloading 13 Unused Serialized files (Serialized files now loaded: 0)
System memory in use before: 161.8 MB.
System memory in use after: 161.9 MB.

Unloading 13 unused Assets to reduce memory usage. Loaded Objects now: 1962.
Total: 3.463088 ms (FindLiveObjects: 0.193732 ms CreateObjectMapping: 0.055671 ms MarkObjects: 3.195406 ms  DeleteObjects: 0.017451 ms)

AssetImportParameters requested are different than current active one (requested -> active):
  custom:video-decoder-ogg-theora: a1e56fd34408186e4bbccfd4996cb3dc -> 
  custom:container-muxer-webm: aa71ff27fc2769a1b78a27578f13a17b -> 
  custom:container-demuxer-webm: 4f35f7cbe854078d1ac9338744f61a02 -> 
  custom:container-demuxer-ogg: 62fdf1f143b41e24485cea50d1cbac27 -> 
  custom:video-encoder-webm-vp8: eb34c28f22e8b96e1ab97ce403110664 -> 
  custom:framework-osx-AVFoundation: e770b220cccbd017edd2c1fefb359320 -> 
  custom:video-decoder-webm-vp8: 9c59270c3fd7afecdb556c50c9e8de78 -> 
  custom:audio-decoder-ogg-vorbis: bf7c407c2cedff20999df2af8eb42d56 -> 
  custom:audio-encoder-webm-vorbis: bf7c407c2cedff20999df2af8eb42d56 -> 
========================================================================
Received Import Request.
  Time since last request: 115.110464 seconds.
  path: Assets/Plugins/Android/GoogleSignIn_lib-debug.aar
  artifactKey: Guid(26e098be2a0544057a28f31c2e1d1848) Importer(815301076,1909f56bfc062723c751e8b465ee728b)
Start importing Assets/Plugins/Android/GoogleSignIn_lib-debug.aar using Guid(26e098be2a0544057a28f31c2e1d1848) Importer(815301076,1909f56bfc062723c751e8b465ee728b)  -> (artifact id: '9d1e2119a862394aca50c55c50e56131') in 0.018290 seconds 
  Import took 0.051395 seconds .

========================================================================
Received Prepare
Refreshing native plugins compatible for Editor in 5.05 ms, found 2 plugins.
Preloading 0 native plugins for Editor in 0.00 ms.
Unloading 13 Unused Serialized files (Serialized files now loaded: 0)
System memory in use before: 161.8 MB.
System memory in use after: 161.9 MB.

Unloading 13 unused Assets to reduce memory usage. Loaded Objects now: 1962.
Total: 21.149507 ms (FindLiveObjects: 0.226663 ms CreateObjectMapping: 0.050056 ms MarkObjects: 20.827472 ms  DeleteObjects: 0.044458 ms)

AssetImportParameters requested are different than current active one (requested -> active):
  custom:video-decoder-ogg-theora: a1e56fd34408186e4bbccfd4996cb3dc -> 
  custom:container-muxer-webm: aa71ff27fc2769a1b78a27578f13a17b -> 
  custom:container-demuxer-webm: 4f35f7cbe854078d1ac9338744f61a02 -> 
  custom:container-demuxer-ogg: 62fdf1f143b41e24485cea50d1cbac27 -> 
  custom:video-encoder-webm-vp8: eb34c28f22e8b96e1ab97ce403110664 -> 
  custom:framework-osx-AVFoundation: e770b220cccbd017edd2c1fefb359320 -> 
  custom:video-decoder-webm-vp8: 9c59270c3fd7afecdb556c50c9e8de78 -> 
  custom:audio-decoder-ogg-vorbis: bf7c407c2cedff20999df2af8eb42d56 -> 
  custom:audio-encoder-webm-vorbis: bf7c407c2cedff20999df2af8eb42d56 -> 
========================================================================
Received Import Request.
  Time since last request: 89.247534 seconds.
  path: Assets/Plugins/Android/GoogleSignIn_lib-debug.aar
  artifactKey: Guid(26e098be2a0544057a28f31c2e1d1848) Importer(815301076,1909f56bfc062723c751e8b465ee728b)
Start importing Assets/Plugins/Android/GoogleSignIn_lib-debug.aar using Guid(26e098be2a0544057a28f31c2e1d1848) Importer(815301076,1909f56bfc062723c751e8b465ee728b)  -> (artifact id: '696ac4a18026166e4898071c3a613977') in 0.005271 seconds 
  Import took 0.011506 seconds .

========================================================================
Received Prepare
Refreshing native plugins compatible for Editor in 4.11 ms, found 2 plugins.
Preloading 0 native plugins for Editor in 0.00 ms.
Unloading 13 Unused Serialized files (Serialized files now loaded: 0)
System memory in use before: 161.8 MB.
System memory in use after: 161.9 MB.

Unloading 13 unused Assets to reduce memory usage. Loaded Objects now: 1962.
Total: 4.458078 ms (FindLiveObjects: 0.166435 ms CreateObjectMapping: 0.095942 ms MarkObjects: 4.177146 ms  DeleteObjects: 0.017670 ms)

AssetImportParameters requested are different than current active one (requested -> active):
  custom:video-decoder-ogg-theora: a1e56fd34408186e4bbccfd4996cb3dc -> 
  custom:container-muxer-webm: aa71ff27fc2769a1b78a27578f13a17b -> 
  custom:container-demuxer-webm: 4f35f7cbe854078d1ac9338744f61a02 -> 
  custom:container-demuxer-ogg: 62fdf1f143b41e24485cea50d1cbac27 -> 
  custom:video-encoder-webm-vp8: eb34c28f22e8b96e1ab97ce403110664 -> 
  custom:framework-osx-AVFoundation: e770b220cccbd017edd2c1fefb359320 -> 
  custom:video-decoder-webm-vp8: 9c59270c3fd7afecdb556c50c9e8de78 -> 
  custom:audio-decoder-ogg-vorbis: bf7c407c2cedff20999df2af8eb42d56 -> 
  custom:audio-encoder-webm-vorbis: bf7c407c2cedff20999df2af8eb42d56 -> 
========================================================================
Received Prepare
Refreshing native plugins compatible for Editor in 2.55 ms, found 2 plugins.
Preloading 0 native plugins for Editor in 0.00 ms.
Unloading 13 Unused Serialized files (Serialized files now loaded: 0)
System memory in use before: 161.8 MB.
System memory in use after: 161.9 MB.

Unloading 13 unused Assets to reduce memory usage. Loaded Objects now: 1962.
Total: 4.357494 ms (FindLiveObjects: 0.189935 ms CreateObjectMapping: 0.063070 ms MarkObjects: 4.085190 ms  DeleteObjects: 0.018198 ms)

AssetImportParameters requested are different than current active one (requested -> active):
  custom:video-decoder-ogg-theora: a1e56fd34408186e4bbccfd4996cb3dc -> 
  custom:container-muxer-webm: aa71ff27fc2769a1b78a27578f13a17b -> 
  custom:container-demuxer-webm: 4f35f7cbe854078d1ac9338744f61a02 -> 
  custom:container-demuxer-ogg: 62fdf1f143b41e24485cea50d1cbac27 -> 
  custom:video-encoder-webm-vp8: eb34c28f22e8b96e1ab97ce403110664 -> 
  custom:framework-osx-AVFoundation: e770b220cccbd017edd2c1fefb359320 -> 
  custom:video-decoder-webm-vp8: 9c59270c3fd7afecdb556c50c9e8de78 -> 
  custom:audio-decoder-ogg-vorbis: bf7c407c2cedff20999df2af8eb42d56 -> 
  custom:audio-encoder-webm-vorbis: bf7c407c2cedff20999df2af8eb42d56 -> 
========================================================================
Received Import Request.
  Time since last request: 724.954310 seconds.
  path: Assets/Plugins/Android/GoogleSignIn_lib-debug.aar
  artifactKey: Guid(26e098be2a0544057a28f31c2e1d1848) Importer(815301076,1909f56bfc062723c751e8b465ee728b)
Start importing Assets/Plugins/Android/GoogleSignIn_lib-debug.aar using Guid(26e098be2a0544057a28f31c2e1d1848) Importer(815301076,1909f56bfc062723c751e8b465ee728b)  -> (artifact id: '447586eb221b6b34885719ee532cfe01') in 0.019611 seconds 
  Import took 0.027006 seconds .

========================================================================
Received Prepare
Refreshing native plugins compatible for Editor in 2.42 ms, found 2 plugins.
Preloading 0 native plugins for Editor in 0.00 ms.
Unloading 13 Unused Serialized files (Serialized files now loaded: 0)
System memory in use before: 161.8 MB.
System memory in use after: 161.9 MB.

Unloading 13 unused Assets to reduce memory usage. Loaded Objects now: 1962.
Total: 3.216342 ms (FindLiveObjects: 0.152846 ms CreateObjectMapping: 0.051304 ms MarkObjects: 2.996695 ms  DeleteObjects: 0.014865 ms)

AssetImportParameters requested are different than current active one (requested -> active):
  custom:video-decoder-ogg-theora: a1e56fd34408186e4bbccfd4996cb3dc -> 
  custom:container-muxer-webm: aa71ff27fc2769a1b78a27578f13a17b -> 
  custom:container-demuxer-webm: 4f35f7cbe854078d1ac9338744f61a02 -> 
  custom:container-demuxer-ogg: 62fdf1f143b41e24485cea50d1cbac27 -> 
  custom:video-encoder-webm-vp8: eb34c28f22e8b96e1ab97ce403110664 -> 
  custom:framework-osx-AVFoundation: e770b220cccbd017edd2c1fefb359320 -> 
  custom:video-decoder-webm-vp8: 9c59270c3fd7afecdb556c50c9e8de78 -> 
  custom:audio-decoder-ogg-vorbis: bf7c407c2cedff20999df2af8eb42d56 -> 
  custom:audio-encoder-webm-vorbis: bf7c407c2cedff20999df2af8eb42d56 -> 
========================================================================
Received Prepare
Refreshing native plugins compatible for Editor in 6.19 ms, found 2 plugins.
Preloading 0 native plugins for Editor in 0.00 ms.
Unloading 13 Unused Serialized files (Serialized files now loaded: 0)
System memory in use before: 161.8 MB.
System memory in use after: 161.9 MB.

Unloading 13 unused Assets to reduce memory usage. Loaded Objects now: 1962.
Total: 3.707004 ms (FindLiveObjects: 0.186754 ms CreateObjectMapping: 0.053202 ms MarkObjects: 3.433981 ms  DeleteObjects: 0.031825 ms)

AssetImportParameters requested are different than current active one (requested -> active):
  custom:video-decoder-ogg-theora: a1e56fd34408186e4bbccfd4996cb3dc -> 
  custom:container-muxer-webm: aa71ff27fc2769a1b78a27578f13a17b -> 
  custom:container-demuxer-webm: 4f35f7cbe854078d1ac9338744f61a02 -> 
  custom:container-demuxer-ogg: 62fdf1f143b41e24485cea50d1cbac27 -> 
  custom:video-encoder-webm-vp8: eb34c28f22e8b96e1ab97ce403110664 -> 
  custom:framework-osx-AVFoundation: e770b220cccbd017edd2c1fefb359320 -> 
  custom:video-decoder-webm-vp8: 9c59270c3fd7afecdb556c50c9e8de78 -> 
  custom:audio-decoder-ogg-vorbis: bf7c407c2cedff20999df2af8eb42d56 -> 
  custom:audio-encoder-webm-vorbis: bf7c407c2cedff20999df2af8eb42d56 -> 
========================================================================
Received Import Request.
  Time since last request: 778.484961 seconds.
  path: Assets/Plugins/Android/GoogleSignIn_lib-debug.aar
  artifactKey: Guid(26e098be2a0544057a28f31c2e1d1848) Importer(815301076,1909f56bfc062723c751e8b465ee728b)
Start importing Assets/Plugins/Android/GoogleSignIn_lib-debug.aar using Guid(26e098be2a0544057a28f31c2e1d1848) Importer(815301076,1909f56bfc062723c751e8b465ee728b)  -> (artifact id: '128a38ef35c4c10a31f71c63688362b7') in 0.003081 seconds 
  Import took 0.006186 seconds .

========================================================================
Received Prepare
Refreshing native plugins compatible for Editor in 5.07 ms, found 2 plugins.
Preloading 0 native plugins for Editor in 0.00 ms.
Unloading 13 Unused Serialized files (Serialized files now loaded: 0)
System memory in use before: 161.8 MB.
System memory in use after: 161.9 MB.

Unloading 13 unused Assets to reduce memory usage. Loaded Objects now: 1962.
Total: 4.294137 ms (FindLiveObjects: 0.162008 ms CreateObjectMapping: 0.050323 ms MarkObjects: 4.063853 ms  DeleteObjects: 0.017174 ms)

AssetImportParameters requested are different than current active one (requested -> active):
  custom:video-decoder-ogg-theora: a1e56fd34408186e4bbccfd4996cb3dc -> 
  custom:container-muxer-webm: aa71ff27fc2769a1b78a27578f13a17b -> 
  custom:container-demuxer-webm: 4f35f7cbe854078d1ac9338744f61a02 -> 
  custom:container-demuxer-ogg: 62fdf1f143b41e24485cea50d1cbac27 -> 
  custom:video-encoder-webm-vp8: eb34c28f22e8b96e1ab97ce403110664 -> 
  custom:framework-osx-AVFoundation: e770b220cccbd017edd2c1fefb359320 -> 
  custom:video-decoder-webm-vp8: 9c59270c3fd7afecdb556c50c9e8de78 -> 
  custom:audio-decoder-ogg-vorbis: bf7c407c2cedff20999df2af8eb42d56 -> 
  custom:audio-encoder-webm-vorbis: bf7c407c2cedff20999df2af8eb42d56 -> 
========================================================================
Received Import Request.
  Time since last request: 115.637864 seconds.
  path: Assets/Plugins/Android/GoogleSignIn_lib-debug.aar
  artifactKey: Guid(26e098be2a0544057a28f31c2e1d1848) Importer(815301076,1909f56bfc062723c751e8b465ee728b)
Start importing Assets/Plugins/Android/GoogleSignIn_lib-debug.aar using Guid(26e098be2a0544057a28f31c2e1d1848) Importer(815301076,1909f56bfc062723c751e8b465ee728b)  -> (artifact id: 'd853e1d997d84fdce5c3b4910a6e9bf2') in 0.018011 seconds 
  Import took 0.022147 seconds .

========================================================================
Received Prepare
Refreshing native plugins compatible for Editor in 5.53 ms, found 2 plugins.
Preloading 0 native plugins for Editor in 0.00 ms.
Unloading 13 Unused Serialized files (Serialized files now loaded: 0)
System memory in use before: 161.8 MB.
System memory in use after: 161.9 MB.

Unloading 13 unused Assets to reduce memory usage. Loaded Objects now: 1962.
Total: 3.339483 ms (FindLiveObjects: 0.155399 ms CreateObjectMapping: 0.053594 ms MarkObjects: 3.113933 ms  DeleteObjects: 0.015834 ms)

AssetImportParameters requested are different than current active one (requested -> active):
  custom:video-decoder-ogg-theora: a1e56fd34408186e4bbccfd4996cb3dc -> 
  custom:container-muxer-webm: aa71ff27fc2769a1b78a27578f13a17b -> 
  custom:container-demuxer-webm: 4f35f7cbe854078d1ac9338744f61a02 -> 
  custom:container-demuxer-ogg: 62fdf1f143b41e24485cea50d1cbac27 -> 
  custom:video-encoder-webm-vp8: eb34c28f22e8b96e1ab97ce403110664 -> 
  custom:framework-osx-AVFoundation: e770b220cccbd017edd2c1fefb359320 -> 
  custom:video-decoder-webm-vp8: 9c59270c3fd7afecdb556c50c9e8de78 -> 
  custom:audio-decoder-ogg-vorbis: bf7c407c2cedff20999df2af8eb42d56 -> 
  custom:audio-encoder-webm-vorbis: bf7c407c2cedff20999df2af8eb42d56 -> 
========================================================================
Received Import Request.
  Time since last request: 1163.690018 seconds.
  path: Assets/Plugins/Android/GoogleSignIn_lib-debug.aar
  artifactKey: Guid(26e098be2a0544057a28f31c2e1d1848) Importer(815301076,1909f56bfc062723c751e8b465ee728b)
Start importing Assets/Plugins/Android/GoogleSignIn_lib-debug.aar using Guid(26e098be2a0544057a28f31c2e1d1848) Importer(815301076,1909f56bfc062723c751e8b465ee728b)  -> (artifact id: 'd6f8e121d8d457ba2ed86053195aa6e9') in 0.003656 seconds 
  Import took 0.006648 seconds .

========================================================================
Received Prepare
Refreshing native plugins compatible for Editor in 5.10 ms, found 2 plugins.
Preloading 0 native plugins for Editor in 0.00 ms.
Unloading 13 Unused Serialized files (Serialized files now loaded: 0)
System memory in use before: 161.8 MB.
System memory in use after: 161.9 MB.

Unloading 13 unused Assets to reduce memory usage. Loaded Objects now: 1962.
Total: 3.203610 ms (FindLiveObjects: 0.169662 ms CreateObjectMapping: 0.051988 ms MarkObjects: 2.966952 ms  DeleteObjects: 0.014350 ms)

AssetImportParameters requested are different than current active one (requested -> active):
  custom:video-decoder-ogg-theora: a1e56fd34408186e4bbccfd4996cb3dc -> 
  custom:container-muxer-webm: aa71ff27fc2769a1b78a27578f13a17b -> 
  custom:container-demuxer-webm: 4f35f7cbe854078d1ac9338744f61a02 -> 
  custom:container-demuxer-ogg: 62fdf1f143b41e24485cea50d1cbac27 -> 
  custom:video-encoder-webm-vp8: eb34c28f22e8b96e1ab97ce403110664 -> 
  custom:framework-osx-AVFoundation: e770b220cccbd017edd2c1fefb359320 -> 
  custom:video-decoder-webm-vp8: 9c59270c3fd7afecdb556c50c9e8de78 -> 
  custom:audio-decoder-ogg-vorbis: bf7c407c2cedff20999df2af8eb42d56 -> 
  custom:audio-encoder-webm-vorbis: bf7c407c2cedff20999df2af8eb42d56 -> 
========================================================================
Received Prepare
Refreshing native plugins compatible for Editor in 6.30 ms, found 2 plugins.
Preloading 0 native plugins for Editor in 0.00 ms.
Unloading 13 Unused Serialized files (Serialized files now loaded: 0)
System memory in use before: 161.8 MB.
System memory in use after: 161.9 MB.

Unloading 13 unused Assets to reduce memory usage. Loaded Objects now: 1962.
Total: 21.666482 ms (FindLiveObjects: 0.263153 ms CreateObjectMapping: 0.063146 ms MarkObjects: 21.295460 ms  DeleteObjects: 0.043478 ms)

AssetImportParameters requested are different than current active one (requested -> active):
  custom:video-decoder-ogg-theora: a1e56fd34408186e4bbccfd4996cb3dc -> 
  custom:container-muxer-webm: aa71ff27fc2769a1b78a27578f13a17b -> 
  custom:container-demuxer-webm: 4f35f7cbe854078d1ac9338744f61a02 -> 
  custom:container-demuxer-ogg: 62fdf1f143b41e24485cea50d1cbac27 -> 
  custom:video-encoder-webm-vp8: eb34c28f22e8b96e1ab97ce403110664 -> 
  custom:framework-osx-AVFoundation: e770b220cccbd017edd2c1fefb359320 -> 
  custom:video-decoder-webm-vp8: 9c59270c3fd7afecdb556c50c9e8de78 -> 
  custom:audio-decoder-ogg-vorbis: bf7c407c2cedff20999df2af8eb42d56 -> 
  custom:audio-encoder-webm-vorbis: bf7c407c2cedff20999df2af8eb42d56 -> 
========================================================================
Received Import Request.
  Time since last request: 650.063458 seconds.
  path: Assets/Plugins/Android/mainTemplate.gradle
  artifactKey: Guid(c4000a2e49d234279adc1949045de74d) Importer(815301076,1909f56bfc062723c751e8b465ee728b)
Start importing Assets/Plugins/Android/mainTemplate.gradle using Guid(c4000a2e49d234279adc1949045de74d) Importer(815301076,1909f56bfc062723c751e8b465ee728b)  -> (artifact id: 'ef252ca78bec390a8eac6c7ebf46581b') in 0.177215 seconds 
  Import took 0.187278 seconds .

========================================================================
Received Import Request.
  Time since last request: 89.294530 seconds.
  path: Assets/Plugins/Android/GoogleSignIn_lib-release.aar
  artifactKey: Guid(7e18c96e7d250497798f2d3fbd18f7d1) Importer(815301076,1909f56bfc062723c751e8b465ee728b)
Start importing Assets/Plugins/Android/GoogleSignIn_lib-release.aar using Guid(7e18c96e7d250497798f2d3fbd18f7d1) Importer(815301076,1909f56bfc062723c751e8b465ee728b)  -> (artifact id: '56c725db712cbbe199e71009e405fd9f') in 0.007962 seconds 
  Import took 0.010394 seconds .

========================================================================
Received Import Request.
  Time since last request: 11.646608 seconds.
  path: Assets/Plugins/Android/GoogleSignIn_lib-release.aar
  artifactKey: Guid(7e18c96e7d250497798f2d3fbd18f7d1) Importer(815301076,1909f56bfc062723c751e8b465ee728b)
Start importing Assets/Plugins/Android/GoogleSignIn_lib-release.aar using Guid(7e18c96e7d250497798f2d3fbd18f7d1) Importer(815301076,1909f56bfc062723c751e8b465ee728b)  -> (artifact id: 'fcb68ada62517af4285ca5d89eca4a6c') in 0.006057 seconds 
  Import took 0.009136 seconds .

========================================================================
Received Prepare
Refreshing native plugins compatible for Editor in 4.99 ms, found 2 plugins.
Preloading 0 native plugins for Editor in 0.00 ms.
Unloading 13 Unused Serialized files (Serialized files now loaded: 0)
System memory in use before: 166.0 MB.
System memory in use after: 166.1 MB.

Unloading 13 unused Assets to reduce memory usage. Loaded Objects now: 1962.
Total: 3.147604 ms (FindLiveObjects: 0.160296 ms CreateObjectMapping: 0.047235 ms MarkObjects: 2.925883 ms  DeleteObjects: 0.013491 ms)

AssetImportParameters requested are different than current active one (requested -> active):
  custom:video-decoder-ogg-theora: a1e56fd34408186e4bbccfd4996cb3dc -> 
  custom:container-muxer-webm: aa71ff27fc2769a1b78a27578f13a17b -> 
  custom:container-demuxer-webm: 4f35f7cbe854078d1ac9338744f61a02 -> 
  custom:container-demuxer-ogg: 62fdf1f143b41e24485cea50d1cbac27 -> 
  custom:video-encoder-webm-vp8: eb34c28f22e8b96e1ab97ce403110664 -> 
  custom:framework-osx-AVFoundation: e770b220cccbd017edd2c1fefb359320 -> 
  custom:video-decoder-webm-vp8: 9c59270c3fd7afecdb556c50c9e8de78 -> 
  custom:audio-decoder-ogg-vorbis: bf7c407c2cedff20999df2af8eb42d56 -> 
  custom:audio-encoder-webm-vorbis: bf7c407c2cedff20999df2af8eb42d56 -> 
========================================================================
Received Import Request.
  Time since last request: 35.852087 seconds.
  path: Assets/Plugins/Android/mainTemplate.gradle
  artifactKey: Guid(c4000a2e49d234279adc1949045de74d) Importer(815301076,1909f56bfc062723c751e8b465ee728b)
Start importing Assets/Plugins/Android/mainTemplate.gradle using Guid(c4000a2e49d234279adc1949045de74d) Importer(815301076,1909f56bfc062723c751e8b465ee728b)  -> (artifact id: 'd7d5e0e30d8b68af67bd45e0c6e78063') in 0.008968 seconds 
  Import took 0.013096 seconds .

========================================================================
Received Import Request.
  Time since last request: 66.033410 seconds.
  path: Assets/Plugins/Android/mainTemplate.gradle
  artifactKey: Guid(c4000a2e49d234279adc1949045de74d) Importer(815301076,1909f56bfc062723c751e8b465ee728b)
Start importing Assets/Plugins/Android/mainTemplate.gradle using Guid(c4000a2e49d234279adc1949045de74d) Importer(815301076,1909f56bfc062723c751e8b465ee728b)  -> (artifact id: 'b9f126472bb5d6e59b59b9584890128a') in 0.009954 seconds 
  Import took 0.012991 seconds .

========================================================================
Received Prepare
Refreshing native plugins compatible for Editor in 1.93 ms, found 2 plugins.
Preloading 0 native plugins for Editor in 0.00 ms.
Unloading 13 Unused Serialized files (Serialized files now loaded: 0)
System memory in use before: 166.0 MB.
System memory in use after: 166.1 MB.

Unloading 13 unused Assets to reduce memory usage. Loaded Objects now: 1962.
Total: 3.348285 ms (FindLiveObjects: 0.172414 ms CreateObjectMapping: 0.053477 ms MarkObjects: 3.105808 ms  DeleteObjects: 0.015804 ms)

AssetImportParameters requested are different than current active one (requested -> active):
  custom:video-decoder-ogg-theora: a1e56fd34408186e4bbccfd4996cb3dc -> 
  custom:container-muxer-webm: aa71ff27fc2769a1b78a27578f13a17b -> 
  custom:container-demuxer-webm: 4f35f7cbe854078d1ac9338744f61a02 -> 
  custom:container-demuxer-ogg: 62fdf1f143b41e24485cea50d1cbac27 -> 
  custom:video-encoder-webm-vp8: eb34c28f22e8b96e1ab97ce403110664 -> 
  custom:framework-osx-AVFoundation: e770b220cccbd017edd2c1fefb359320 -> 
  custom:video-decoder-webm-vp8: 9c59270c3fd7afecdb556c50c9e8de78 -> 
  custom:audio-decoder-ogg-vorbis: bf7c407c2cedff20999df2af8eb42d56 -> 
  custom:audio-encoder-webm-vorbis: bf7c407c2cedff20999df2af8eb42d56 -> 
========================================================================
Received Import Request.
  Time since last request: 76.099650 seconds.
  path: Assets/Plugins/Android/launcherTemplate.gradle
  artifactKey: Guid(7831a821f008d4f3ea227e08a6787da6) Importer(815301076,1909f56bfc062723c751e8b465ee728b)
Start importing Assets/Plugins/Android/launcherTemplate.gradle using Guid(7831a821f008d4f3ea227e08a6787da6) Importer(815301076,1909f56bfc062723c751e8b465ee728b)  -> (artifact id: '451dcd96f14664be89394c927178162b') in 0.006007 seconds 
  Import took 0.009350 seconds .

========================================================================
Received Import Request.
  Time since last request: 11.791045 seconds.
  path: Assets/Plugins/Android/LauncherManifest.xml
  artifactKey: Guid(b8fccb0ce14e14bbf94473b629ed8210) Importer(815301076,1909f56bfc062723c751e8b465ee728b)
Start importing Assets/Plugins/Android/LauncherManifest.xml using Guid(b8fccb0ce14e14bbf94473b629ed8210) Importer(815301076,1909f56bfc062723c751e8b465ee728b)  -> (artifact id: '35a58f3b5d46e0a2d76570987c879708') in 0.011794 seconds 
  Import took 0.017104 seconds .

========================================================================
Received Import Request.
  Time since last request: 13.011495 seconds.
  path: Assets/Plugins/Android/gradleTemplate.properties
  artifactKey: Guid(e59783c6af3db47a184c588abe4d7ccf) Importer(815301076,1909f56bfc062723c751e8b465ee728b)
Start importing Assets/Plugins/Android/gradleTemplate.properties using Guid(e59783c6af3db47a184c588abe4d7ccf) Importer(815301076,1909f56bfc062723c751e8b465ee728b)  -> (artifact id: 'a812f0d1da55b85c31833032e0580a3d') in 0.118889 seconds 
  Import took 0.121649 seconds .

========================================================================
Received Import Request.
  Time since last request: 29.257595 seconds.
  path: Assets/Plugins/Android/gradleTemplate.properties
  artifactKey: Guid(e59783c6af3db47a184c588abe4d7ccf) Importer(815301076,1909f56bfc062723c751e8b465ee728b)
Start importing Assets/Plugins/Android/gradleTemplate.properties using Guid(e59783c6af3db47a184c588abe4d7ccf) Importer(815301076,1909f56bfc062723c751e8b465ee728b)  -> (artifact id: 'a62a4bff144416ae1d0d558f87adbe41') in 0.004122 seconds 
  Import took 0.008423 seconds .

========================================================================
Received Import Request.
  Time since last request: 1.650470 seconds.
  path: Assets/Plugins/Android/baseProjectTemplate.gradle
  artifactKey: Guid(a31cb387b04a842b780179dec038f269) Importer(815301076,1909f56bfc062723c751e8b465ee728b)
Start importing Assets/Plugins/Android/baseProjectTemplate.gradle using Guid(a31cb387b04a842b780179dec038f269) Importer(815301076,1909f56bfc062723c751e8b465ee728b)  -> (artifact id: '714ac3ac4ab0ab9ad0194a15ab62760d') in 0.002498 seconds 
  Import took 0.006023 seconds .

========================================================================
Received Prepare
Refreshing native plugins compatible for Editor in 5.64 ms, found 2 plugins.
Preloading 0 native plugins for Editor in 0.00 ms.
Unloading 13 Unused Serialized files (Serialized files now loaded: 0)
System memory in use before: 170.2 MB.
System memory in use after: 170.3 MB.

Unloading 13 unused Assets to reduce memory usage. Loaded Objects now: 1962.
Total: 3.823262 ms (FindLiveObjects: 0.168592 ms CreateObjectMapping: 0.056200 ms MarkObjects: 3.578424 ms  DeleteObjects: 0.019201 ms)

AssetImportParameters requested are different than current active one (requested -> active):
  custom:video-decoder-ogg-theora: a1e56fd34408186e4bbccfd4996cb3dc -> 
  custom:container-muxer-webm: aa71ff27fc2769a1b78a27578f13a17b -> 
  custom:container-demuxer-webm: 4f35f7cbe854078d1ac9338744f61a02 -> 
  custom:container-demuxer-ogg: 62fdf1f143b41e24485cea50d1cbac27 -> 
  custom:video-encoder-webm-vp8: eb34c28f22e8b96e1ab97ce403110664 -> 
  custom:framework-osx-AVFoundation: e770b220cccbd017edd2c1fefb359320 -> 
  custom:video-decoder-webm-vp8: 9c59270c3fd7afecdb556c50c9e8de78 -> 
  custom:audio-decoder-ogg-vorbis: bf7c407c2cedff20999df2af8eb42d56 -> 
  custom:audio-encoder-webm-vorbis: bf7c407c2cedff20999df2af8eb42d56 -> 
========================================================================
Received Import Request.
  Time since last request: 318.723569 seconds.
  path: Assets/Plugins/Android/GoogleSignIn_lib-release.aar
  artifactKey: Guid(7e18c96e7d250497798f2d3fbd18f7d1) Importer(815301076,1909f56bfc062723c751e8b465ee728b)
Start importing Assets/Plugins/Android/GoogleSignIn_lib-release.aar using Guid(7e18c96e7d250497798f2d3fbd18f7d1) Importer(815301076,1909f56bfc062723c751e8b465ee728b)  -> (artifact id: 'd9b0fd81e0b63f1ea51f7b2691c88195') in 0.018526 seconds 
  Import took 0.026315 seconds .

========================================================================
Received Prepare
Refreshing native plugins compatible for Editor in 7.93 ms, found 2 plugins.
Preloading 0 native plugins for Editor in 0.00 ms.
Unloading 13 Unused Serialized files (Serialized files now loaded: 0)
System memory in use before: 170.2 MB.
System memory in use after: 170.3 MB.

Unloading 13 unused Assets to reduce memory usage. Loaded Objects now: 1962.
Total: 20.238708 ms (FindLiveObjects: 0.245119 ms CreateObjectMapping: 0.060203 ms MarkObjects: 19.890048 ms  DeleteObjects: 0.042347 ms)

AssetImportParameters requested are different than current active one (requested -> active):
  custom:video-decoder-ogg-theora: a1e56fd34408186e4bbccfd4996cb3dc -> 
  custom:container-muxer-webm: aa71ff27fc2769a1b78a27578f13a17b -> 
  custom:container-demuxer-webm: 4f35f7cbe854078d1ac9338744f61a02 -> 
  custom:container-demuxer-ogg: 62fdf1f143b41e24485cea50d1cbac27 -> 
  custom:video-encoder-webm-vp8: eb34c28f22e8b96e1ab97ce403110664 -> 
  custom:framework-osx-AVFoundation: e770b220cccbd017edd2c1fefb359320 -> 
  custom:video-decoder-webm-vp8: 9c59270c3fd7afecdb556c50c9e8de78 -> 
  custom:audio-decoder-ogg-vorbis: bf7c407c2cedff20999df2af8eb42d56 -> 
  custom:audio-encoder-webm-vorbis: bf7c407c2cedff20999df2af8eb42d56 -> 
========================================================================
Received Prepare
Refreshing native plugins compatible for Editor in 3.46 ms, found 2 plugins.
Preloading 0 native plugins for Editor in 0.00 ms.
Unloading 13 Unused Serialized files (Serialized files now loaded: 0)
System memory in use before: 170.2 MB.
System memory in use after: 170.3 MB.

Unloading 13 unused Assets to reduce memory usage. Loaded Objects now: 1962.
Total: 3.368813 ms (FindLiveObjects: 0.166575 ms CreateObjectMapping: 0.050178 ms MarkObjects: 3.133495 ms  DeleteObjects: 0.017909 ms)

AssetImportParameters requested are different than current active one (requested -> active):
  custom:video-decoder-ogg-theora: a1e56fd34408186e4bbccfd4996cb3dc -> 
  custom:container-muxer-webm: aa71ff27fc2769a1b78a27578f13a17b -> 
  custom:container-demuxer-webm: 4f35f7cbe854078d1ac9338744f61a02 -> 
  custom:container-demuxer-ogg: 62fdf1f143b41e24485cea50d1cbac27 -> 
  custom:video-encoder-webm-vp8: eb34c28f22e8b96e1ab97ce403110664 -> 
  custom:framework-osx-AVFoundation: e770b220cccbd017edd2c1fefb359320 -> 
  custom:video-decoder-webm-vp8: 9c59270c3fd7afecdb556c50c9e8de78 -> 
  custom:audio-decoder-ogg-vorbis: bf7c407c2cedff20999df2af8eb42d56 -> 
  custom:audio-encoder-webm-vorbis: bf7c407c2cedff20999df2af8eb42d56 -> 
========================================================================
Received Import Request.
  Time since last request: 324.859927 seconds.
  path: Assets/Plugins/Android/GoogleSignIn_lib-release.aar
  artifactKey: Guid(7e18c96e7d250497798f2d3fbd18f7d1) Importer(815301076,1909f56bfc062723c751e8b465ee728b)
Start importing Assets/Plugins/Android/GoogleSignIn_lib-release.aar using Guid(7e18c96e7d250497798f2d3fbd18f7d1) Importer(815301076,1909f56bfc062723c751e8b465ee728b)  -> (artifact id: '5abc93004aa54ae50234af32c919af6e') in 0.018134 seconds 
  Import took 0.028483 seconds .

========================================================================
Received Prepare
Registering precompiled user dll's ...
Registered in 0.004188 seconds.
Begin MonoManager ReloadAssembly
Native extension for OSXStandalone target not found
Refreshing native plugins compatible for Editor in 0.33 ms, found 2 plugins.
Preloading 0 native plugins for Editor in 0.00 ms.
2022-09-28 11:14:19.767 Unity[46550:2782078] NSEventModifierFlagFunction specified to -setKeyEquivalentModifierMask: for item <NSMenuItem: 0x6000045bb410 Font Asset, ke='Command-F12'>, but is only supported for system-provided menu items; will not be used
Mono: successfully reloaded assembly
- Completed reload, in  1.396 seconds
Domain Reload Profiling:
	ReloadAssembly (1410ms)
		BeginReloadAssembly (246ms)
			ExecutionOrderSort (0ms)
			DisableScriptedObjects (18ms)
			BackupInstance (0ms)
			ReleaseScriptingObjects (0ms)
			CreateAndSetChildDomain (139ms)
		EndReloadAssembly (1088ms)
			LoadAssemblies (110ms)
			RebuildTransferFunctionScriptingTraits (0ms)
			SetupTypeCache (375ms)
			ReleaseScriptCaches (1ms)
			RebuildScriptCaches (62ms)
			SetupLoadedEditorAssemblies (394ms)
				LogAssemblyErrors (0ms)
				InitializePlatformSupportModulesInManaged (6ms)
				SetLoadedEditorAssemblies (1ms)
				RefreshPlugins (0ms)
				BeforeProcessingInitializeOnLoad (131ms)
				ProcessInitializeOnLoadAttributes (242ms)
				ProcessInitializeOnLoadMethodAttributes (12ms)
				AfterProcessingInitializeOnLoad (1ms)
				EditorAssembliesLoaded (0ms)
			ExecutionOrderSort2 (0ms)
			AwakeInstancesAfterBackupRestoration (9ms)
Platform modules already initialized, skipping
Switching build target platform(2) subTarget(0) extendedPlatform(0) -> platform(13) subTarget(537395200) extendedPlatform(0)
Refreshing native plugins compatible for Editor in 0.33 ms, found 2 plugins.
Preloading 0 native plugins for Editor in 0.00 ms.
Unloading 1488 Unused Serialized files (Serialized files now loaded: 0)
System memory in use before: 199.2 MB.
System memory in use after: 199.3 MB.

Unloading 16 unused Assets to reduce memory usage. Loaded Objects now: 1965.
Total: 2.923242 ms (FindLiveObjects: 0.220429 ms CreateObjectMapping: 0.053775 ms MarkObjects: 2.627365 ms  DeleteObjects: 0.020849 ms)

AssetImportParameters requested are different than current active one (requested -> active):
  custom:video-decoder-ogg-theora: a1e56fd34408186e4bbccfd4996cb3dc -> 
  custom:container-muxer-webm: aa71ff27fc2769a1b78a27578f13a17b -> 
  custom:container-demuxer-webm: 4f35f7cbe854078d1ac9338744f61a02 -> 
  custom:container-demuxer-ogg: 62fdf1f143b41e24485cea50d1cbac27 -> 
  custom:video-encoder-webm-vp8: eb34c28f22e8b96e1ab97ce403110664 -> 
  custom:framework-osx-AVFoundation: e770b220cccbd017edd2c1fefb359320 -> 
  custom:video-decoder-webm-vp8: 9c59270c3fd7afecdb556c50c9e8de78 -> 
  custom:graphics/normal-map-encoding: 01000000000000000000000000000000 -> 02000000000000000000000000000000
  custom:audio-decoder-ogg-vorbis: bf7c407c2cedff20999df2af8eb42d56 -> 
  custom:audio-encoder-webm-vorbis: bf7c407c2cedff20999df2af8eb42d56 -> 
========================================================================
Received Prepare
Refreshing native plugins compatible for Editor in 5.45 ms, found 2 plugins.
Preloading 0 native plugins for Editor in 0.00 ms.
Unloading 13 Unused Serialized files (Serialized files now loaded: 0)
System memory in use before: 169.7 MB.
System memory in use after: 169.8 MB.

Unloading 13 unused Assets to reduce memory usage. Loaded Objects now: 1965.
Total: 2.885720 ms (FindLiveObjects: 0.157971 ms CreateObjectMapping: 0.051639 ms MarkObjects: 2.661171 ms  DeleteObjects: 0.014276 ms)

AssetImportParameters requested are different than current active one (requested -> active):
  custom:video-decoder-ogg-theora: a1e56fd34408186e4bbccfd4996cb3dc -> 
  custom:container-muxer-webm: aa71ff27fc2769a1b78a27578f13a17b -> 
  custom:container-demuxer-webm: 4f35f7cbe854078d1ac9338744f61a02 -> 
  custom:container-demuxer-ogg: 62fdf1f143b41e24485cea50d1cbac27 -> 
  custom:video-encoder-webm-vp8: eb34c28f22e8b96e1ab97ce403110664 -> 
  custom:framework-osx-AVFoundation: e770b220cccbd017edd2c1fefb359320 -> 
  custom:video-decoder-webm-vp8: 9c59270c3fd7afecdb556c50c9e8de78 -> 
  custom:audio-decoder-ogg-vorbis: bf7c407c2cedff20999df2af8eb42d56 -> 
  custom:audio-encoder-webm-vorbis: bf7c407c2cedff20999df2af8eb42d56 -> 
